<?xml version="1.0" encoding="UTF-8"?>
<!-- Generated by org.testng.reporters.JUnitXMLReporter -->
<testsuite hostname="DESKTOP-A4U8454" name="Test1" tests="34" failures="1" timestamp="21 Sep 2020 10:38:17 GMT" time="478.641" errors="0">
  <testcase name="logintoICSTest" time="14.761" classname="com.deere.ics.testcase.logintoApplication_en_US"/>
  <testcase name="ImpersonationTest" time="13.192" classname="com.deere.ics.testcase.logintoApplication_en_US"/>
  <testcase name="UsertypeLinkTest" time="8.727" classname="com.deere.ics.testcase.logintoApplication_en_US"/>
  <testcase name="BasecodeSelectionTest" time="24.355" classname="com.deere.ics.testcase.logintoApplication_en_US"/>
  <testcase name="BuildyourProductTest" time="19.248" classname="com.deere.ics.testcase.logintoApplication_en_US"/>
  <testcase name="CustomizeproductTest" time="4.31" classname="com.deere.ics.testcase.logintoApplication_en_US"/>
  <testcase name="ViewSummarypageTest" time="6.392" classname="com.deere.ics.testcase.logintoApplication_en_US"/>
  <testcase name="SavetheCartTest" time="17.416" classname="com.deere.ics.testcase.logintoApplication_en_US"/>
  <testcase name="ImpersonationTest" time="17.489" classname="com.deere.ics.testcase.logintoApplication_en_CA"/>
  <testcase name="UsertypeLinkTest" time="8.719" classname="com.deere.ics.testcase.logintoApplication_en_CA"/>
  <testcase name="BasecodeSelectionTest" time="19.334" classname="com.deere.ics.testcase.logintoApplication_en_CA"/>
  <testcase name="BuildyourProductTest" time="17.256" classname="com.deere.ics.testcase.logintoApplication_en_CA"/>
  <testcase name="CustomizeproductTest" time="2.129" classname="com.deere.ics.testcase.logintoApplication_en_CA"/>
  <testcase name="ViewSummarypageTest" time="3.366" classname="com.deere.ics.testcase.logintoApplication_en_CA"/>
  <testcase name="SavetheCartTest" time="6.89" classname="com.deere.ics.testcase.logintoApplication_en_CA"/>
  <testcase name="ImpersonationTest_pt_BR_CF" time="19.491" classname="com.deere.ics.testcase.logintoApplication_pt_BR_CF"/>
  <testcase name="UsertypeLinkTest_pt_BR_CF" time="6.286" classname="com.deere.ics.testcase.logintoApplication_pt_BR_CF"/>
  <testcase name="SoldandShipToTest_pt_BR_CF" time="11.942" classname="com.deere.ics.testcase.logintoApplication_pt_BR_CF"/>
  <testcase name="BasecodeSelectionTest_pt_BR_CF" time="42.329" classname="com.deere.ics.testcase.logintoApplication_pt_BR_CF"/>
  <testcase name="BuildyourProductTest_pt_BR_CF" time="21.532" classname="com.deere.ics.testcase.logintoApplication_pt_BR_CF"/>
  <testcase name="CustomizeproductTest_pt_BR_CF" time="1.72" classname="com.deere.ics.testcase.logintoApplication_pt_BR_CF"/>
  <testcase name="ViewSummarypageTest_pt_BR_CF" time="9.688" classname="com.deere.ics.testcase.logintoApplication_pt_BR_CF"/>
  <testcase name="SavetheCartTest_pt_BR_CF" time="20.09" classname="com.deere.ics.testcase.logintoApplication_pt_BR_CF"/>
  <testcase name="ImpersonationTest_pt_BR_AG" time="19.291" classname="com.deere.ics.testcase.logintoApplication_pt_BR_AG"/>
  <testcase name="UsertypeLinkTest_pt_BR_AG" time="16.274" classname="com.deere.ics.testcase.logintoApplication_pt_BR_AG"/>
  <testcase name="SoldandShipToTest_pt_BR_AG" time="14.183" classname="com.deere.ics.testcase.logintoApplication_pt_BR_AG"/>
  <testcase name="BasecodeSelectionTest_pt_BR_AG" time="19.675" classname="com.deere.ics.testcase.logintoApplication_pt_BR_AG"/>
  <testcase name="BuildyourProductTest_pt_BR_AG" time="15.271" classname="com.deere.ics.testcase.logintoApplication_pt_BR_AG"/>
  <testcase name="CustomizeproductTest" time="1.565" classname="com.deere.ics.testcase.logintoApplication_pt_BR_AG"/>
  <testcase name="ViewSummarypageTest" time="8.606" classname="com.deere.ics.testcase.logintoApplication_pt_BR_AG"/>
  <testcase name="SavetheCartTest" time="17.674" classname="com.deere.ics.testcase.logintoApplication_pt_BR_AG"/>
  <testcase name="ImpersonationTest" time="17.56" classname="com.deere.ics.testcase.logintoApplication_ru_RU"/>
  <testcase name="UsertypeLinkTest" time="8.588" classname="com.deere.ics.testcase.logintoApplication_ru_RU"/>
  <testcase name="BasecodeSelectionTest" time="23.175" classname="com.deere.ics.testcase.logintoApplication_ru_RU">
    <failure type="org.openqa.selenium.NoSuchElementException" message="no such element: Unable to locate element: {&amp;quot;method&amp;quot;:&amp;quot;xpath&amp;quot;,&amp;quot;selector&amp;quot;:&amp;quot;//input[@value=&amp;quot;Искать&amp;quot;]&amp;quot;}
  (Session info: chrome=83.0.4103.97)
For documentation on this error, please visit: https://www.seleniumhq.org/exceptions/no_such_element.html
Build info: version: &amp;apos;4.0.0-alpha-1&amp;apos;, revision: &amp;apos;d1d3728cae&amp;apos;, time: &amp;apos;2019-04-24T13:42:21&amp;apos;
System info: host: &amp;apos;DESKTOP-A4U8454&amp;apos;, ip: &amp;apos;10.216.179.114&amp;apos;, os.name: &amp;apos;Windows 10&amp;apos;, os.arch: &amp;apos;amd64&amp;apos;, os.version: &amp;apos;10.0&amp;apos;, java.version: &amp;apos;1.8.0_91&amp;apos;
Driver info: org.openqa.selenium.chrome.ChromeDriver
Capabilities {acceptInsecureCerts: false, browserName: chrome, browserVersion: 83.0.4103.97, chrome: {chromedriverVersion: 83.0.4103.39 (ccbf011cb2d2b..., userDataDir: D:\Users\j8lajag\AppData\Lo...}, goog:chromeOptions: {debuggerAddress: localhost:54892}, javascriptEnabled: true, networkConnectionEnabled: false, pageLoadStrategy: normal, platform: WINDOWS, platformName: WINDOWS, proxy: Proxy(), setWindowRect: true, strictFileInteractability: false, timeouts: {implicit: 0, pageLoad: 300000, script: 30000}, unhandledPromptBehavior: dismiss and notify, webauthn:virtualAuthenticators: true}
Session ID: 629c2bd335fd4621105791676211e01b
*** Element info: {Using=xpath, value=//input[@value=&amp;quot;Искать&amp;quot;]}">
      <![CDATA[org.openqa.selenium.NoSuchElementException: no such element: Unable to locate element: {"method":"xpath","selector":"//input[@value="Искать"]"}
  (Session info: chrome=83.0.4103.97)
For documentation on this error, please visit: https://www.seleniumhq.org/exceptions/no_such_element.html
Build info: version: '4.0.0-alpha-1', revision: 'd1d3728cae', time: '2019-04-24T13:42:21'
System info: host: 'DESKTOP-A4U8454', ip: '10.216.179.114', os.name: 'Windows 10', os.arch: 'amd64', os.version: '10.0', java.version: '1.8.0_91'
Driver info: org.openqa.selenium.chrome.ChromeDriver
Capabilities {acceptInsecureCerts: false, browserName: chrome, browserVersion: 83.0.4103.97, chrome: {chromedriverVersion: 83.0.4103.39 (ccbf011cb2d2b..., userDataDir: D:\Users\j8lajag\AppData\Lo...}, goog:chromeOptions: {debuggerAddress: localhost:54892}, javascriptEnabled: true, networkConnectionEnabled: false, pageLoadStrategy: normal, platform: WINDOWS, platformName: WINDOWS, proxy: Proxy(), setWindowRect: true, strictFileInteractability: false, timeouts: {implicit: 0, pageLoad: 300000, script: 30000}, unhandledPromptBehavior: dismiss and notify, webauthn:virtualAuthenticators: true}
Session ID: 629c2bd335fd4621105791676211e01b
*** Element info: {Using=xpath, value=//input[@value="Искать"]}
	at org.openqa.selenium.remote.codec.w3c.W3CHttpResponseCodec.createException(W3CHttpResponseCodec.java:190)
	at org.openqa.selenium.remote.codec.w3c.W3CHttpResponseCodec.decode(W3CHttpResponseCodec.java:124)
	at org.openqa.selenium.remote.codec.w3c.W3CHttpResponseCodec.decode(W3CHttpResponseCodec.java:51)
	at org.openqa.selenium.remote.HttpCommandExecutor.execute(HttpCommandExecutor.java:161)
	at org.openqa.selenium.remote.service.DriverCommandExecutor.execute(DriverCommandExecutor.java:83)
	at org.openqa.selenium.remote.RemoteWebDriver.execute(RemoteWebDriver.java:577)
	at org.openqa.selenium.remote.RemoteWebDriver.findElement(RemoteWebDriver.java:328)
	at org.openqa.selenium.remote.RemoteWebDriver.findElementByXPath(RemoteWebDriver.java:446)
	at org.openqa.selenium.By$ByXPath.findElement(By.java:353)
	at org.openqa.selenium.remote.RemoteWebDriver.findElement(RemoteWebDriver.java:320)
	at com.deere.ics.Business.applicationLogin_ru_RU.BasecodeSelection(applicationLogin_ru_RU.java:115)
	at com.deere.ics.testcase.logintoApplication_ru_RU.BasecodeSelectionTest(logintoApplication_ru_RU.java:69)
... Removed 28 stack frames]]>
    </failure>
  </testcase> <!-- BasecodeSelectionTest -->
</testsuite> <!-- Test1 -->
