<html>
<head>
<title>TestNG:  Test1</title>
<link href="../testng.css" rel="stylesheet" type="text/css" />
<link href="../my-testng.css" rel="stylesheet" type="text/css" />

<style type="text/css">
.log { display: none;} 
.stack-trace { display: none;} 
</style>
<script type="text/javascript">
<!--
function flip(e) {
  current = e.style.display;
  if (current == 'block') {
    e.style.display = 'none';
    return 0;
  }
  else {
    e.style.display = 'block';
    return 1;
  }
}

function toggleBox(szDivId, elem, msg1, msg2)
{
  var res = -1;  if (document.getElementById) {
    res = flip(document.getElementById(szDivId));
  }
  else if (document.all) {
    // this is the way old msie versions work
    res = flip(document.all[szDivId]);
  }
  if(elem) {
    if(res == 0) elem.innerHTML = msg1; else elem.innerHTML = msg2;
  }

}

function toggleAllBoxes() {
  if (document.getElementsByTagName) {
    d = document.getElementsByTagName('div');
    for (i = 0; i < d.length; i++) {
      if (d[i].className == 'log') {
        flip(d[i]);
      }
    }
  }
}

// -->
</script>

</head>
<body>
<h2 align='center'>Test1</h2><table border='1' align="center">
<tr>
<td>Tests passed/Failed/Skipped:</td><td>33/1/0</td>
</tr><tr>
<td>Started on:</td><td>Mon Sep 21 16:00:18 IST 2020</td>
</tr>
<tr><td>Total time:</td><td>478 seconds (478641 ms)</td>
</tr><tr>
<td>Included groups:</td><td></td>
</tr><tr>
<td>Excluded groups:</td><td></td>
</tr>
</table><p/>
<small><i>(Hover the method name to see the test class name)</i></small><p/>
<table width='100%' border='1' class='invocation-failed'>
<tr><td colspan='4' align='center'><b>FAILED TESTS</b></td></tr>
<tr><td><b>Test method</b></td>
<td width="30%"><b>Exception</b></td>
<td width="10%"><b>Time (seconds)</b></td>
<td><b>Instance</b></td>
</tr>
<tr>
<td title='com.deere.ics.testcase.logintoApplication_ru_RU.BasecodeSelectionTest()'><b>BasecodeSelectionTest</b><br>Test class: com.deere.ics.testcase.logintoApplication_ru_RU</td>
<td><div><pre>org.openqa.selenium.NoSuchElementException: no such element: Unable to locate element: {&quot;method&quot;:&quot;xpath&quot;,&quot;selector&quot;:&quot;//input[@value=&quot;??????&quot;]&quot;}
  (Session info: chrome=83.0.4103.97)
For documentation on this error, please visit: https://www.seleniumhq.org/exceptions/no_such_element.html
Build info: version: &apos;4.0.0-alpha-1&apos;, revision: &apos;d1d3728cae&apos;, time: &apos;2019-04-24T13:42:21&apos;
System info: host: &apos;DESKTOP-A4U8454&apos;, ip: &apos;10.216.179.114&apos;, os.name: &apos;Windows 10&apos;, os.arch: &apos;amd64&apos;, os.version: &apos;10.0&apos;, java.version: &apos;1.8.0_91&apos;
Driver info: org.openqa.selenium.chrome.ChromeDriver
Capabilities {acceptInsecureCerts: false, browserName: chrome, browserVersion: 83.0.4103.97, chrome: {chromedriverVersion: 83.0.4103.39 (ccbf011cb2d2b..., userDataDir: D:\Users\j8lajag\AppData\Lo...}, goog:chromeOptions: {debuggerAddress: localhost:54892}, javascriptEnabled: true, networkConnectionEnabled: false, pageLoadStrategy: normal, platform: WINDOWS, platformName: WINDOWS, proxy: Proxy(), setWindowRect: true, strictFileInteractability: false, timeouts: {implicit: 0, pageLoad: 300000, script: 30000}, unhandledPromptBehavior: dismiss and notify, webauthn:virtualAuthenticators: true}
Session ID: 629c2bd335fd4621105791676211e01b
*** Element info: {Using=xpath, value=//input[@value=&quot;??????&quot;]}
	at org.openqa.selenium.remote.codec.w3c.W3CHttpResponseCodec.createException(W3CHttpResponseCodec.java:190)
	at org.openqa.selenium.remote.codec.w3c.W3CHttpResponseCodec.decode(W3CHttpResponseCodec.java:124)
	at org.openqa.selenium.remote.codec.w3c.W3CHttpResponseCodec.decode(W3CHttpResponseCodec.java:51)
	at org.openqa.selenium.remote.HttpCommandExecutor.execute(HttpCommandExecutor.java:161)
	at org.openqa.selenium.remote.service.DriverCommandExecutor.execute(DriverCommandExecutor.java:83)
	at org.openqa.selenium.remote.RemoteWebDriver.execute(RemoteWebDriver.java:577)
	at org.openqa.selenium.remote.RemoteWebDriver.findElement(RemoteWebDriver.java:328)
	at org.openqa.selenium.remote.RemoteWebDriver.findElementByXPath(RemoteWebDriver.java:446)
	at org.openqa.selenium.By$ByXPath.findElement(By.java:353)
	at org.openqa.selenium.remote.RemoteWebDriver.findElement(RemoteWebDriver.java:320)
	at com.deere.ics.Business.applicationLogin_ru_RU.BasecodeSelection(applicationLogin_ru_RU.java:115)
	at com.deere.ics.testcase.logintoApplication_ru_RU.BasecodeSelectionTest(logintoApplication_ru_RU.java:69)
... Removed 28 stack frames</pre></div><a href='#' onClick='toggleBox("stack-trace271502370", this, "Click to show all stack frames", "Click to hide stack frames")'>Click to show all stack frames</a>
<div class='stack-trace' id='stack-trace271502370'><pre>org.openqa.selenium.NoSuchElementException: no such element: Unable to locate element: {&quot;method&quot;:&quot;xpath&quot;,&quot;selector&quot;:&quot;//input[@value=&quot;??????&quot;]&quot;}
  (Session info: chrome=83.0.4103.97)
For documentation on this error, please visit: https://www.seleniumhq.org/exceptions/no_such_element.html
Build info: version: &apos;4.0.0-alpha-1&apos;, revision: &apos;d1d3728cae&apos;, time: &apos;2019-04-24T13:42:21&apos;
System info: host: &apos;DESKTOP-A4U8454&apos;, ip: &apos;10.216.179.114&apos;, os.name: &apos;Windows 10&apos;, os.arch: &apos;amd64&apos;, os.version: &apos;10.0&apos;, java.version: &apos;1.8.0_91&apos;
Driver info: org.openqa.selenium.chrome.ChromeDriver
Capabilities {acceptInsecureCerts: false, browserName: chrome, browserVersion: 83.0.4103.97, chrome: {chromedriverVersion: 83.0.4103.39 (ccbf011cb2d2b..., userDataDir: D:\Users\j8lajag\AppData\Lo...}, goog:chromeOptions: {debuggerAddress: localhost:54892}, javascriptEnabled: true, networkConnectionEnabled: false, pageLoadStrategy: normal, platform: WINDOWS, platformName: WINDOWS, proxy: Proxy(), setWindowRect: true, strictFileInteractability: false, timeouts: {implicit: 0, pageLoad: 300000, script: 30000}, unhandledPromptBehavior: dismiss and notify, webauthn:virtualAuthenticators: true}
Session ID: 629c2bd335fd4621105791676211e01b
*** Element info: {Using=xpath, value=//input[@value=&quot;??????&quot;]}
	at sun.reflect.NativeConstructorAccessorImpl.newInstance0(Native Method)
	at sun.reflect.NativeConstructorAccessorImpl.newInstance(Unknown Source)
	at sun.reflect.DelegatingConstructorAccessorImpl.newInstance(Unknown Source)
	at java.lang.reflect.Constructor.newInstance(Unknown Source)
	at org.openqa.selenium.remote.codec.w3c.W3CHttpResponseCodec.createException(W3CHttpResponseCodec.java:190)
	at org.openqa.selenium.remote.codec.w3c.W3CHttpResponseCodec.decode(W3CHttpResponseCodec.java:124)
	at org.openqa.selenium.remote.codec.w3c.W3CHttpResponseCodec.decode(W3CHttpResponseCodec.java:51)
	at org.openqa.selenium.remote.HttpCommandExecutor.execute(HttpCommandExecutor.java:161)
	at org.openqa.selenium.remote.service.DriverCommandExecutor.execute(DriverCommandExecutor.java:83)
	at org.openqa.selenium.remote.RemoteWebDriver.execute(RemoteWebDriver.java:577)
	at org.openqa.selenium.remote.RemoteWebDriver.findElement(RemoteWebDriver.java:328)
	at org.openqa.selenium.remote.RemoteWebDriver.findElementByXPath(RemoteWebDriver.java:446)
	at org.openqa.selenium.By$ByXPath.findElement(By.java:353)
	at org.openqa.selenium.remote.RemoteWebDriver.findElement(RemoteWebDriver.java:320)
	at com.deere.ics.Business.applicationLogin_ru_RU.BasecodeSelection(applicationLogin_ru_RU.java:115)
	at com.deere.ics.testcase.logintoApplication_ru_RU.BasecodeSelectionTest(logintoApplication_ru_RU.java:69)
	at sun.reflect.NativeMethodAccessorImpl.invoke0(Native Method)
	at sun.reflect.NativeMethodAccessorImpl.invoke(Unknown Source)
	at sun.reflect.DelegatingMethodAccessorImpl.invoke(Unknown Source)
	at java.lang.reflect.Method.invoke(Unknown Source)
	at org.testng.internal.MethodInvocationHelper.invokeMethod(MethodInvocationHelper.java:80)
	at org.testng.internal.Invoker.invokeMethod(Invoker.java:714)
	at org.testng.internal.Invoker.invokeTestMethod(Invoker.java:901)
	at org.testng.internal.Invoker.invokeTestMethods(Invoker.java:1231)
	at org.testng.internal.TestMethodWorker.invokeTestMethods(TestMethodWorker.java:127)
	at org.testng.internal.TestMethodWorker.run(TestMethodWorker.java:111)
	at org.testng.TestRunner.privateRun(TestRunner.java:767)
	at org.testng.TestRunner.run(TestRunner.java:617)
	at org.testng.SuiteRunner.runTest(SuiteRunner.java:334)
	at org.testng.SuiteRunner.runSequentially(SuiteRunner.java:329)
	at org.testng.SuiteRunner.privateRun(SuiteRunner.java:291)
	at org.testng.SuiteRunner.run(SuiteRunner.java:240)
	at org.testng.SuiteRunnerWorker.runSuite(SuiteRunnerWorker.java:52)
	at org.testng.SuiteRunnerWorker.run(SuiteRunnerWorker.java:86)
	at org.testng.TestNG.runSuitesSequentially(TestNG.java:1198)
	at org.testng.TestNG.runSuitesLocally(TestNG.java:1123)
	at org.testng.TestNG.run(TestNG.java:1031)
	at org.testng.remote.AbstractRemoteTestNG.run(AbstractRemoteTestNG.java:115)
	at org.testng.remote.RemoteTestNG.initAndRun(RemoteTestNG.java:251)
	at org.testng.remote.RemoteTestNG.main(RemoteTestNG.java:77)
</pre></div></td>
<td>23</td>
<td>com.deere.ics.testcase.logintoApplication_ru_RU@52066604</td></tr>
</table><p>
<table width='100%' border='1' class='invocation-passed'>
<tr><td colspan='4' align='center'><b>PASSED TESTS</b></td></tr>
<tr><td><b>Test method</b></td>
<td width="30%"><b>Exception</b></td>
<td width="10%"><b>Time (seconds)</b></td>
<td><b>Instance</b></td>
</tr>
<tr>
<td title='com.deere.ics.testcase.logintoApplication_en_US.BasecodeSelectionTest()'><b>BasecodeSelectionTest</b><br>Test class: com.deere.ics.testcase.logintoApplication_en_US</td>
<td></td>
<td>24</td>
<td>com.deere.ics.testcase.logintoApplication_en_US@4a194c39</td></tr>
<tr>
<td title='com.deere.ics.testcase.logintoApplication_en_CA.BasecodeSelectionTest()'><b>BasecodeSelectionTest</b><br>Test class: com.deere.ics.testcase.logintoApplication_en_CA</td>
<td></td>
<td>19</td>
<td>com.deere.ics.testcase.logintoApplication_en_CA@340b9973</td></tr>
<tr>
<td title='com.deere.ics.testcase.logintoApplication_pt_BR_AG.BasecodeSelectionTest_pt_BR_AG()'><b>BasecodeSelectionTest_pt_BR_AG</b><br>Test class: com.deere.ics.testcase.logintoApplication_pt_BR_AG</td>
<td></td>
<td>19</td>
<td>com.deere.ics.testcase.logintoApplication_pt_BR_AG@56113384</td></tr>
<tr>
<td title='com.deere.ics.testcase.logintoApplication_pt_BR_CF.BasecodeSelectionTest_pt_BR_CF()'><b>BasecodeSelectionTest_pt_BR_CF</b><br>Test class: com.deere.ics.testcase.logintoApplication_pt_BR_CF</td>
<td></td>
<td>42</td>
<td>com.deere.ics.testcase.logintoApplication_pt_BR_CF@1f6c9cd8</td></tr>
<tr>
<td title='com.deere.ics.testcase.logintoApplication_en_US.BuildyourProductTest()'><b>BuildyourProductTest</b><br>Test class: com.deere.ics.testcase.logintoApplication_en_US</td>
<td></td>
<td>19</td>
<td>com.deere.ics.testcase.logintoApplication_en_US@4a194c39</td></tr>
<tr>
<td title='com.deere.ics.testcase.logintoApplication_en_CA.BuildyourProductTest()'><b>BuildyourProductTest</b><br>Test class: com.deere.ics.testcase.logintoApplication_en_CA</td>
<td></td>
<td>17</td>
<td>com.deere.ics.testcase.logintoApplication_en_CA@340b9973</td></tr>
<tr>
<td title='com.deere.ics.testcase.logintoApplication_pt_BR_AG.BuildyourProductTest_pt_BR_AG()'><b>BuildyourProductTest_pt_BR_AG</b><br>Test class: com.deere.ics.testcase.logintoApplication_pt_BR_AG</td>
<td></td>
<td>15</td>
<td>com.deere.ics.testcase.logintoApplication_pt_BR_AG@56113384</td></tr>
<tr>
<td title='com.deere.ics.testcase.logintoApplication_pt_BR_CF.BuildyourProductTest_pt_BR_CF()'><b>BuildyourProductTest_pt_BR_CF</b><br>Test class: com.deere.ics.testcase.logintoApplication_pt_BR_CF</td>
<td></td>
<td>21</td>
<td>com.deere.ics.testcase.logintoApplication_pt_BR_CF@1f6c9cd8</td></tr>
<tr>
<td title='com.deere.ics.testcase.logintoApplication_en_US.CustomizeproductTest()'><b>CustomizeproductTest</b><br>Test class: com.deere.ics.testcase.logintoApplication_en_US</td>
<td></td>
<td>4</td>
<td>com.deere.ics.testcase.logintoApplication_en_US@4a194c39</td></tr>
<tr>
<td title='com.deere.ics.testcase.logintoApplication_en_CA.CustomizeproductTest()'><b>CustomizeproductTest</b><br>Test class: com.deere.ics.testcase.logintoApplication_en_CA</td>
<td></td>
<td>2</td>
<td>com.deere.ics.testcase.logintoApplication_en_CA@340b9973</td></tr>
<tr>
<td title='com.deere.ics.testcase.logintoApplication_pt_BR_AG.CustomizeproductTest()'><b>CustomizeproductTest</b><br>Test class: com.deere.ics.testcase.logintoApplication_pt_BR_AG</td>
<td></td>
<td>1</td>
<td>com.deere.ics.testcase.logintoApplication_pt_BR_AG@56113384</td></tr>
<tr>
<td title='com.deere.ics.testcase.logintoApplication_pt_BR_CF.CustomizeproductTest_pt_BR_CF()'><b>CustomizeproductTest_pt_BR_CF</b><br>Test class: com.deere.ics.testcase.logintoApplication_pt_BR_CF</td>
<td></td>
<td>1</td>
<td>com.deere.ics.testcase.logintoApplication_pt_BR_CF@1f6c9cd8</td></tr>
<tr>
<td title='com.deere.ics.testcase.logintoApplication_en_US.ImpersonationTest()'><b>ImpersonationTest</b><br>Test class: com.deere.ics.testcase.logintoApplication_en_US</td>
<td></td>
<td>13</td>
<td>com.deere.ics.testcase.logintoApplication_en_US@4a194c39</td></tr>
<tr>
<td title='com.deere.ics.testcase.logintoApplication_en_CA.ImpersonationTest()'><b>ImpersonationTest</b><br>Test class: com.deere.ics.testcase.logintoApplication_en_CA</td>
<td></td>
<td>17</td>
<td>com.deere.ics.testcase.logintoApplication_en_CA@340b9973</td></tr>
<tr>
<td title='com.deere.ics.testcase.logintoApplication_ru_RU.ImpersonationTest()'><b>ImpersonationTest</b><br>Test class: com.deere.ics.testcase.logintoApplication_ru_RU</td>
<td></td>
<td>17</td>
<td>com.deere.ics.testcase.logintoApplication_ru_RU@52066604</td></tr>
<tr>
<td title='com.deere.ics.testcase.logintoApplication_pt_BR_AG.ImpersonationTest_pt_BR_AG()'><b>ImpersonationTest_pt_BR_AG</b><br>Test class: com.deere.ics.testcase.logintoApplication_pt_BR_AG</td>
<td></td>
<td>19</td>
<td>com.deere.ics.testcase.logintoApplication_pt_BR_AG@56113384</td></tr>
<tr>
<td title='com.deere.ics.testcase.logintoApplication_pt_BR_CF.ImpersonationTest_pt_BR_CF()'><b>ImpersonationTest_pt_BR_CF</b><br>Test class: com.deere.ics.testcase.logintoApplication_pt_BR_CF</td>
<td></td>
<td>19</td>
<td>com.deere.ics.testcase.logintoApplication_pt_BR_CF@1f6c9cd8</td></tr>
<tr>
<td title='com.deere.ics.testcase.logintoApplication_en_US.SavetheCartTest()'><b>SavetheCartTest</b><br>Test class: com.deere.ics.testcase.logintoApplication_en_US</td>
<td></td>
<td>17</td>
<td>com.deere.ics.testcase.logintoApplication_en_US@4a194c39</td></tr>
<tr>
<td title='com.deere.ics.testcase.logintoApplication_en_CA.SavetheCartTest()'><b>SavetheCartTest</b><br>Test class: com.deere.ics.testcase.logintoApplication_en_CA</td>
<td></td>
<td>6</td>
<td>com.deere.ics.testcase.logintoApplication_en_CA@340b9973</td></tr>
<tr>
<td title='com.deere.ics.testcase.logintoApplication_pt_BR_AG.SavetheCartTest()'><b>SavetheCartTest</b><br>Test class: com.deere.ics.testcase.logintoApplication_pt_BR_AG</td>
<td></td>
<td>17</td>
<td>com.deere.ics.testcase.logintoApplication_pt_BR_AG@56113384</td></tr>
<tr>
<td title='com.deere.ics.testcase.logintoApplication_pt_BR_CF.SavetheCartTest_pt_BR_CF()'><b>SavetheCartTest_pt_BR_CF</b><br>Test class: com.deere.ics.testcase.logintoApplication_pt_BR_CF</td>
<td></td>
<td>20</td>
<td>com.deere.ics.testcase.logintoApplication_pt_BR_CF@1f6c9cd8</td></tr>
<tr>
<td title='com.deere.ics.testcase.logintoApplication_pt_BR_AG.SoldandShipToTest_pt_BR_AG()'><b>SoldandShipToTest_pt_BR_AG</b><br>Test class: com.deere.ics.testcase.logintoApplication_pt_BR_AG</td>
<td></td>
<td>14</td>
<td>com.deere.ics.testcase.logintoApplication_pt_BR_AG@56113384</td></tr>
<tr>
<td title='com.deere.ics.testcase.logintoApplication_pt_BR_CF.SoldandShipToTest_pt_BR_CF()'><b>SoldandShipToTest_pt_BR_CF</b><br>Test class: com.deere.ics.testcase.logintoApplication_pt_BR_CF</td>
<td></td>
<td>11</td>
<td>com.deere.ics.testcase.logintoApplication_pt_BR_CF@1f6c9cd8</td></tr>
<tr>
<td title='com.deere.ics.testcase.logintoApplication_en_US.UsertypeLinkTest()'><b>UsertypeLinkTest</b><br>Test class: com.deere.ics.testcase.logintoApplication_en_US</td>
<td></td>
<td>8</td>
<td>com.deere.ics.testcase.logintoApplication_en_US@4a194c39</td></tr>
<tr>
<td title='com.deere.ics.testcase.logintoApplication_en_CA.UsertypeLinkTest()'><b>UsertypeLinkTest</b><br>Test class: com.deere.ics.testcase.logintoApplication_en_CA</td>
<td></td>
<td>8</td>
<td>com.deere.ics.testcase.logintoApplication_en_CA@340b9973</td></tr>
<tr>
<td title='com.deere.ics.testcase.logintoApplication_ru_RU.UsertypeLinkTest()'><b>UsertypeLinkTest</b><br>Test class: com.deere.ics.testcase.logintoApplication_ru_RU</td>
<td></td>
<td>8</td>
<td>com.deere.ics.testcase.logintoApplication_ru_RU@52066604</td></tr>
<tr>
<td title='com.deere.ics.testcase.logintoApplication_pt_BR_AG.UsertypeLinkTest_pt_BR_AG()'><b>UsertypeLinkTest_pt_BR_AG</b><br>Test class: com.deere.ics.testcase.logintoApplication_pt_BR_AG</td>
<td></td>
<td>16</td>
<td>com.deere.ics.testcase.logintoApplication_pt_BR_AG@56113384</td></tr>
<tr>
<td title='com.deere.ics.testcase.logintoApplication_pt_BR_CF.UsertypeLinkTest_pt_BR_CF()'><b>UsertypeLinkTest_pt_BR_CF</b><br>Test class: com.deere.ics.testcase.logintoApplication_pt_BR_CF</td>
<td></td>
<td>6</td>
<td>com.deere.ics.testcase.logintoApplication_pt_BR_CF@1f6c9cd8</td></tr>
<tr>
<td title='com.deere.ics.testcase.logintoApplication_en_US.ViewSummarypageTest()'><b>ViewSummarypageTest</b><br>Test class: com.deere.ics.testcase.logintoApplication_en_US</td>
<td></td>
<td>6</td>
<td>com.deere.ics.testcase.logintoApplication_en_US@4a194c39</td></tr>
<tr>
<td title='com.deere.ics.testcase.logintoApplication_en_CA.ViewSummarypageTest()'><b>ViewSummarypageTest</b><br>Test class: com.deere.ics.testcase.logintoApplication_en_CA</td>
<td></td>
<td>3</td>
<td>com.deere.ics.testcase.logintoApplication_en_CA@340b9973</td></tr>
<tr>
<td title='com.deere.ics.testcase.logintoApplication_pt_BR_AG.ViewSummarypageTest()'><b>ViewSummarypageTest</b><br>Test class: com.deere.ics.testcase.logintoApplication_pt_BR_AG</td>
<td></td>
<td>8</td>
<td>com.deere.ics.testcase.logintoApplication_pt_BR_AG@56113384</td></tr>
<tr>
<td title='com.deere.ics.testcase.logintoApplication_pt_BR_CF.ViewSummarypageTest_pt_BR_CF()'><b>ViewSummarypageTest_pt_BR_CF</b><br>Test class: com.deere.ics.testcase.logintoApplication_pt_BR_CF</td>
<td></td>
<td>9</td>
<td>com.deere.ics.testcase.logintoApplication_pt_BR_CF@1f6c9cd8</td></tr>
<tr>
<td title='com.deere.ics.testcase.logintoApplication_en_US.logintoICSTest()'><b>logintoICSTest</b><br>Test class: com.deere.ics.testcase.logintoApplication_en_US</td>
<td></td>
<td>14</td>
<td>com.deere.ics.testcase.logintoApplication_en_US@4a194c39</td></tr>
</table><p>
</body>
</html>